<?xml version="1.0" encoding="UTF-8"?>
<!-- Generated by org.testng.reporters.JUnitReportReporter -->
<testsuite hostname="localhost" name="WeBuy" tests="1" failures="0" timestamp="7 Feb 2016 06:55:03 GMT" time="298.293" errors="0">
  <testcase name="testProductPurchaseProcess" time="298.293" classname="WeBuy"/>
</testsuite> <!-- WeBuy -->
